<?xml version="1.0" encoding="UTF-8"?>
<!-- Generated by org.testng.reporters.JUnitReportReporter -->
<testsuite hostname="MLI01273" failures="0" tests="3" name="testcases.FindNewCarTest" time="20.163" errors="0" timestamp="02 Mar 2023 08:03:15 GMT" skipped="0">
  <testcase classname="testcases.FindNewCarTest" name="findNewCar" time="4.964"/>
  <testcase classname="testcases.FindNewCarTest" name="findNewCar" time="8.136"/>
  <testcase classname="testcases.FindNewCarTest" name="findNewCar" time="7.063"/>
</testsuite> <!-- testcases.FindNewCarTest -->
