<?xml version="1.0" encoding="UTF-8"?>
<!-- Generated by org.testng.reporters.JUnitReportReporter -->
<testsuite hostname="MLI01273" failures="0" tests="3" name="testcases.CarNameAndPriceTest" time="56.493" errors="0" timestamp="02 Mar 2023 08:03:15 GMT" skipped="0">
  <testcase classname="testcases.CarNameAndPriceTest" name="carNameAndPrice" time="25.579"/>
  <testcase classname="testcases.CarNameAndPriceTest" name="carNameAndPrice" time="25.713"/>
  <testcase classname="testcases.CarNameAndPriceTest" name="carNameAndPrice" time="5.201"/>
</testsuite> <!-- testcases.CarNameAndPriceTest -->
